<?xml version="1.0" encoding="UTF-8"?>
<testng-results skipped="0" failed="1" ignored="0" total="6" passed="5">
  <reporter-output>
  </reporter-output>
  <suite name="Suite" duration-ms="167770" started-at="2020-06-22T11:27:59Z" finished-at="2020-06-22T11:30:47Z">
    <groups>
    </groups>
    <test name="TestHRMApplication" duration-ms="167770" started-at="2020-06-22T11:27:59Z" finished-at="2020-06-22T11:30:47Z">
      <class name="com.orangehrm.test.OpenPIMTest">
        <test-method status="PASS" signature="setUp()[pri:0, instance:com.orangehrm.test.OpenPIMTest@7cd62f43]" name="setUp" is-config="true" duration-ms="22939" started-at="2020-06-22T11:28:18Z" finished-at="2020-06-22T11:28:41Z">
          <reporter-output>
          </reporter-output>
        </test-method> <!-- setUp -->
        <test-method status="PASS" signature="validateOpenPIMPageTitleTest()[pri:1, instance:com.orangehrm.test.OpenPIMTest@7cd62f43]" name="validateOpenPIMPageTitleTest" duration-ms="10" started-at="2020-06-22T11:28:41Z" finished-at="2020-06-22T11:28:41Z">
          <reporter-output>
          </reporter-output>
        </test-method> <!-- validateOpenPIMPageTitleTest -->
        <test-method status="PASS" signature="tearDown()[pri:0, instance:com.orangehrm.test.OpenPIMTest@7cd62f43]" name="tearDown" is-config="true" duration-ms="172" started-at="2020-06-22T11:28:41Z" finished-at="2020-06-22T11:28:41Z">
          <reporter-output>
          </reporter-output>
        </test-method> <!-- tearDown -->
        <test-method status="PASS" signature="setUp()[pri:0, instance:com.orangehrm.test.OpenPIMTest@7cd62f43]" name="setUp" is-config="true" duration-ms="22706" started-at="2020-06-22T11:29:41Z" finished-at="2020-06-22T11:30:04Z">
          <reporter-output>
          </reporter-output>
        </test-method> <!-- setUp -->
        <test-method status="PASS" signature="clickTest()[pri:2, instance:com.orangehrm.test.OpenPIMTest@7cd62f43]" name="clickTest" duration-ms="5427" started-at="2020-06-22T11:30:04Z" finished-at="2020-06-22T11:30:09Z">
          <reporter-output>
          </reporter-output>
        </test-method> <!-- clickTest -->
        <test-method status="PASS" signature="tearDown()[pri:0, instance:com.orangehrm.test.OpenPIMTest@7cd62f43]" name="tearDown" is-config="true" duration-ms="4262" started-at="2020-06-22T11:30:09Z" finished-at="2020-06-22T11:30:14Z">
          <reporter-output>
          </reporter-output>
        </test-method> <!-- tearDown -->
      </class> <!-- com.orangehrm.test.OpenPIMTest -->
      <class name="com.orangehrm.test.LoginTest">
        <test-method status="PASS" signature="setUp()[pri:0, instance:com.orangehrm.test.LoginTest@6a41eaa2]" name="setUp" is-config="true" duration-ms="18182" started-at="2020-06-22T11:27:59Z" finished-at="2020-06-22T11:28:17Z">
          <reporter-output>
          </reporter-output>
        </test-method> <!-- setUp -->
        <test-method status="PASS" signature="ValidateLoginPageTest()[pri:1, instance:com.orangehrm.test.LoginTest@6a41eaa2]" name="ValidateLoginPageTest" duration-ms="85" started-at="2020-06-22T11:28:17Z" finished-at="2020-06-22T11:28:17Z">
          <reporter-output>
          </reporter-output>
        </test-method> <!-- ValidateLoginPageTest -->
        <test-method status="PASS" signature="tearDown()[pri:0, instance:com.orangehrm.test.LoginTest@6a41eaa2]" name="tearDown" is-config="true" duration-ms="569" started-at="2020-06-22T11:28:17Z" finished-at="2020-06-22T11:28:18Z">
          <reporter-output>
          </reporter-output>
        </test-method> <!-- tearDown -->
        <test-method status="PASS" signature="setUp()[pri:0, instance:com.orangehrm.test.LoginTest@6a41eaa2]" name="setUp" is-config="true" duration-ms="17460" started-at="2020-06-22T11:29:15Z" finished-at="2020-06-22T11:29:32Z">
          <reporter-output>
          </reporter-output>
        </test-method> <!-- setUp -->
        <test-method status="PASS" signature="loginTest()[pri:2, instance:com.orangehrm.test.LoginTest@6a41eaa2]" name="loginTest" duration-ms="8070" started-at="2020-06-22T11:29:32Z" finished-at="2020-06-22T11:29:40Z">
          <reporter-output>
          </reporter-output>
        </test-method> <!-- loginTest -->
        <test-method status="PASS" signature="tearDown()[pri:0, instance:com.orangehrm.test.LoginTest@6a41eaa2]" name="tearDown" is-config="true" duration-ms="1022" started-at="2020-06-22T11:29:40Z" finished-at="2020-06-22T11:29:41Z">
          <reporter-output>
          </reporter-output>
        </test-method> <!-- tearDown -->
      </class> <!-- com.orangehrm.test.LoginTest -->
      <class name="com.orangehrm.test.AddEmployeeTest">
        <test-method status="PASS" signature="setUp()[pri:0, instance:com.orangehrm.test.AddEmployeeTest@6d4b1c02]" name="setUp" is-config="true" duration-ms="30567" started-at="2020-06-22T11:28:41Z" finished-at="2020-06-22T11:29:12Z">
          <reporter-output>
          </reporter-output>
        </test-method> <!-- setUp -->
        <test-method status="FAIL" signature="validateAddEmployeeTest()[pri:1, instance:com.orangehrm.test.AddEmployeeTest@6d4b1c02]" name="validateAddEmployeeTest" duration-ms="13" started-at="2020-06-22T11:29:12Z" finished-at="2020-06-22T11:29:12Z">
          <exception class="java.lang.AssertionError">
            <message>
              <![CDATA[expected [OrangeHRM.] but found [OrangeHRM]]]>
            </message>
            <full-stacktrace>
              <![CDATA[java.lang.AssertionError: expected [OrangeHRM.] but found [OrangeHRM]
at org.testng.Assert.fail(Assert.java:96)
at org.testng.Assert.failNotEquals(Assert.java:776)
at org.testng.Assert.assertEqualsImpl(Assert.java:137)
at org.testng.Assert.assertEquals(Assert.java:118)
at org.testng.Assert.assertEquals(Assert.java:453)
at org.testng.Assert.assertEquals(Assert.java:463)
at com.orangehrm.test.AddEmployeeTest.validateAddEmployeeTest(AddEmployeeTest.java:38)
at sun.reflect.NativeMethodAccessorImpl.invoke0(Native Method)
at sun.reflect.NativeMethodAccessorImpl.invoke(NativeMethodAccessorImpl.java:62)
at sun.reflect.DelegatingMethodAccessorImpl.invoke(DelegatingMethodAccessorImpl.java:43)
at java.lang.reflect.Method.invoke(Method.java:498)
at org.testng.internal.MethodInvocationHelper.invokeMethod(MethodInvocationHelper.java:124)
at org.testng.internal.Invoker.invokeMethod(Invoker.java:580)
at org.testng.internal.Invoker.invokeTestMethod(Invoker.java:716)
at org.testng.internal.Invoker.invokeTestMethods(Invoker.java:988)
at org.testng.internal.TestMethodWorker.invokeTestMethods(TestMethodWorker.java:125)
at org.testng.internal.TestMethodWorker.run(TestMethodWorker.java:109)
at org.testng.TestRunner.privateRun(TestRunner.java:648)
at org.testng.TestRunner.run(TestRunner.java:505)
at org.testng.SuiteRunner.runTest(SuiteRunner.java:455)
at org.testng.SuiteRunner.runSequentially(SuiteRunner.java:450)
at org.testng.SuiteRunner.privateRun(SuiteRunner.java:415)
at org.testng.SuiteRunner.run(SuiteRunner.java:364)
at org.testng.SuiteRunnerWorker.runSuite(SuiteRunnerWorker.java:52)
at org.testng.SuiteRunnerWorker.run(SuiteRunnerWorker.java:84)
at org.testng.TestNG.runSuitesSequentially(TestNG.java:1208)
at org.testng.TestNG.runSuitesLocally(TestNG.java:1137)
at org.testng.TestNG.runSuites(TestNG.java:1049)
at org.testng.TestNG.run(TestNG.java:1017)
at org.testng.remote.AbstractRemoteTestNG.run(AbstractRemoteTestNG.java:114)
at org.testng.remote.RemoteTestNG.initAndRun(RemoteTestNG.java:251)
at org.testng.remote.RemoteTestNG.main(RemoteTestNG.java:77)
]]>
            </full-stacktrace>
          </exception> <!-- java.lang.AssertionError -->
          <reporter-output>
          </reporter-output>
        </test-method> <!-- validateAddEmployeeTest -->
        <test-method status="PASS" signature="tearDown()[pri:0, instance:com.orangehrm.test.AddEmployeeTest@6d4b1c02]" name="tearDown" is-config="true" duration-ms="170" started-at="2020-06-22T11:29:15Z" finished-at="2020-06-22T11:29:15Z">
          <reporter-output>
          </reporter-output>
        </test-method> <!-- tearDown -->
        <test-method status="PASS" signature="setUp()[pri:0, instance:com.orangehrm.test.AddEmployeeTest@6d4b1c02]" name="setUp" is-config="true" duration-ms="27150" started-at="2020-06-22T11:30:18Z" finished-at="2020-06-22T11:30:45Z">
          <reporter-output>
          </reporter-output>
        </test-method> <!-- setUp -->
        <test-method status="PASS" signature="fillData(java.lang.String, java.lang.String, java.lang.String, java.lang.String, java.lang.String)[pri:2, instance:com.orangehrm.test.AddEmployeeTest@6d4b1c02]" name="fillData" duration-ms="1071" started-at="2020-06-22T11:30:45Z" data-provider="data" finished-at="2020-06-22T11:30:47Z">
          <params>
            <param index="0">
              <value>
                <![CDATA[Lallu]]>
              </value>
            </param>
            <param index="1">
              <value>
                <![CDATA[Roy]]>
              </value>
            </param>
            <param index="2">
              <value>
                <![CDATA[lallu@gmail.com]]>
              </value>
            </param>
            <param index="3">
              <value>
                <![CDATA[lallu@123]]>
              </value>
            </param>
            <param index="4">
              <value>
                <![CDATA[lallu@123]]>
              </value>
            </param>
          </params>
          <reporter-output>
          </reporter-output>
        </test-method> <!-- fillData -->
        <test-method status="PASS" signature="tearDown()[pri:0, instance:com.orangehrm.test.AddEmployeeTest@6d4b1c02]" name="tearDown" is-config="true" duration-ms="355" started-at="2020-06-22T11:30:47Z" finished-at="2020-06-22T11:30:47Z">
          <reporter-output>
          </reporter-output>
        </test-method> <!-- tearDown -->
      </class> <!-- com.orangehrm.test.AddEmployeeTest -->
    </test> <!-- TestHRMApplication -->
  </suite> <!-- Suite -->
</testng-results>
